20:54:03.130 [pool-1-thread-1] ERROR org.coocox.codb.common.log.ErrorLog - menuToolbarStat api exception!errorCode:2000
PUT API FAILED! 
org.coocox.codb.client.core.api.ClientBaseApi.putRespCheck(ClientBaseApi.java:55)
org.coocox.codb.client.core.api.impl.StatApiImpl.menuToolbarStat(StatApiImpl.java:85)
org.coocox.codb.client.core.task.StatisticsHandler$StatHandler.run(StatisticsHandler.java:78)
java.util.concurrent.ThreadPoolExecutor$Worker.runTask(Unknown Source)
java.util.concurrent.ThreadPoolExecutor$Worker.run(Unknown Source)
java.lang.Thread.run(Unknown Source)


20:57:05.936 [pool-1-thread-2] ERROR org.coocox.codb.common.log.ErrorLog - menuToolbarStat api exception!errorCode:2000
PUT API FAILED! 
org.coocox.codb.client.core.api.ClientBaseApi.putRespCheck(ClientBaseApi.java:55)
org.coocox.codb.client.core.api.impl.StatApiImpl.menuToolbarStat(StatApiImpl.java:85)
org.coocox.codb.client.core.task.StatisticsHandler$StatHandler.run(StatisticsHandler.java:78)
java.util.concurrent.ThreadPoolExecutor$Worker.runTask(Unknown Source)
java.util.concurrent.ThreadPoolExecutor$Worker.run(Unknown Source)
java.lang.Thread.run(Unknown Source)


20:59:12.800 [pool-1-thread-1] ERROR org.coocox.codb.common.log.ErrorLog - menuToolbarStat api exception!errorCode:2000
PUT API FAILED! 
org.coocox.codb.client.core.api.ClientBaseApi.putRespCheck(ClientBaseApi.java:55)
org.coocox.codb.client.core.api.impl.StatApiImpl.menuToolbarStat(StatApiImpl.java:85)
org.coocox.codb.client.core.task.StatisticsHandler$StatHandler.run(StatisticsHandler.java:78)
java.util.concurrent.ThreadPoolExecutor$Worker.runTask(Unknown Source)
java.util.concurrent.ThreadPoolExecutor$Worker.run(Unknown Source)
java.lang.Thread.run(Unknown Source)


20:59:58.026 [pool-1-thread-2] ERROR org.coocox.codb.common.log.ErrorLog - menuToolbarStat api exception!errorCode:2000
PUT API FAILED! 
org.coocox.codb.client.core.api.ClientBaseApi.putRespCheck(ClientBaseApi.java:55)
org.coocox.codb.client.core.api.impl.StatApiImpl.menuToolbarStat(StatApiImpl.java:85)
org.coocox.codb.client.core.task.StatisticsHandler$StatHandler.run(StatisticsHandler.java:78)
java.util.concurrent.ThreadPoolExecutor$Worker.runTask(Unknown Source)
java.util.concurrent.ThreadPoolExecutor$Worker.run(Unknown Source)
java.lang.Thread.run(Unknown Source)


21:01:53.131 [pool-1-thread-1] ERROR org.coocox.codb.common.log.ErrorLog - menuToolbarStat api exception!errorCode:2000
PUT API FAILED! 
org.coocox.codb.client.core.api.ClientBaseApi.putRespCheck(ClientBaseApi.java:55)
org.coocox.codb.client.core.api.impl.StatApiImpl.menuToolbarStat(StatApiImpl.java:85)
org.coocox.codb.client.core.task.StatisticsHandler$StatHandler.run(StatisticsHandler.java:78)
java.util.concurrent.ThreadPoolExecutor$Worker.runTask(Unknown Source)
java.util.concurrent.ThreadPoolExecutor$Worker.run(Unknown Source)
java.lang.Thread.run(Unknown Source)


21:05:13.673 [pool-1-thread-2] ERROR org.coocox.codb.common.log.ErrorLog - menuToolbarStat api exception!errorCode:2000
PUT API FAILED! 
org.coocox.codb.client.core.api.ClientBaseApi.putRespCheck(ClientBaseApi.java:55)
org.coocox.codb.client.core.api.impl.StatApiImpl.menuToolbarStat(StatApiImpl.java:85)
org.coocox.codb.client.core.task.StatisticsHandler$StatHandler.run(StatisticsHandler.java:78)
java.util.concurrent.ThreadPoolExecutor$Worker.runTask(Unknown Source)
java.util.concurrent.ThreadPoolExecutor$Worker.run(Unknown Source)
java.lang.Thread.run(Unknown Source)


21:07:25.052 [pool-1-thread-1] ERROR org.coocox.codb.common.log.ErrorLog - menuToolbarStat api exception!errorCode:2000
PUT API FAILED! 
org.coocox.codb.client.core.api.ClientBaseApi.putRespCheck(ClientBaseApi.java:55)
org.coocox.codb.client.core.api.impl.StatApiImpl.menuToolbarStat(StatApiImpl.java:85)
org.coocox.codb.client.core.task.StatisticsHandler$StatHandler.run(StatisticsHandler.java:78)
java.util.concurrent.ThreadPoolExecutor$Worker.runTask(Unknown Source)
java.util.concurrent.ThreadPoolExecutor$Worker.run(Unknown Source)
java.lang.Thread.run(Unknown Source)


21:07:25.195 [pool-1-thread-2] ERROR org.coocox.codb.common.log.ErrorLog - menuToolbarStat api exception!errorCode:2000
PUT API FAILED! 
org.coocox.codb.client.core.api.ClientBaseApi.putRespCheck(ClientBaseApi.java:55)
org.coocox.codb.client.core.api.impl.StatApiImpl.menuToolbarStat(StatApiImpl.java:85)
org.coocox.codb.client.core.task.StatisticsHandler$StatHandler.run(StatisticsHandler.java:78)
java.util.concurrent.ThreadPoolExecutor$Worker.runTask(Unknown Source)
java.util.concurrent.ThreadPoolExecutor$Worker.run(Unknown Source)
java.lang.Thread.run(Unknown Source)


21:08:02.450 [pool-1-thread-1] ERROR org.coocox.codb.common.log.ErrorLog - menuToolbarStat api exception!errorCode:2000
PUT API FAILED! 
org.coocox.codb.client.core.api.ClientBaseApi.putRespCheck(ClientBaseApi.java:55)
org.coocox.codb.client.core.api.impl.StatApiImpl.menuToolbarStat(StatApiImpl.java:85)
org.coocox.codb.client.core.task.StatisticsHandler$StatHandler.run(StatisticsHandler.java:78)
java.util.concurrent.ThreadPoolExecutor$Worker.runTask(Unknown Source)
java.util.concurrent.ThreadPoolExecutor$Worker.run(Unknown Source)
java.lang.Thread.run(Unknown Source)


21:10:19.556 [pool-1-thread-2] ERROR org.coocox.codb.common.log.ErrorLog - menuToolbarStat api exception!errorCode:2000
PUT API FAILED! 
org.coocox.codb.client.core.api.ClientBaseApi.putRespCheck(ClientBaseApi.java:55)
org.coocox.codb.client.core.api.impl.StatApiImpl.menuToolbarStat(StatApiImpl.java:85)
org.coocox.codb.client.core.task.StatisticsHandler$StatHandler.run(StatisticsHandler.java:78)
java.util.concurrent.ThreadPoolExecutor$Worker.runTask(Unknown Source)
java.util.concurrent.ThreadPoolExecutor$Worker.run(Unknown Source)
java.lang.Thread.run(Unknown Source)


21:12:25.612 [pool-1-thread-1] ERROR org.coocox.codb.common.log.ErrorLog - menuToolbarStat api exception!errorCode:2000
PUT API FAILED! 
org.coocox.codb.client.core.api.ClientBaseApi.putRespCheck(ClientBaseApi.java:55)
org.coocox.codb.client.core.api.impl.StatApiImpl.menuToolbarStat(StatApiImpl.java:85)
org.coocox.codb.client.core.task.StatisticsHandler$StatHandler.run(StatisticsHandler.java:78)
java.util.concurrent.ThreadPoolExecutor$Worker.runTask(Unknown Source)
java.util.concurrent.ThreadPoolExecutor$Worker.run(Unknown Source)
java.lang.Thread.run(Unknown Source)


21:12:43.994 [pool-1-thread-2] ERROR org.coocox.codb.common.log.ErrorLog - menuToolbarStat api exception!errorCode:2000
PUT API FAILED! 
org.coocox.codb.client.core.api.ClientBaseApi.putRespCheck(ClientBaseApi.java:55)
org.coocox.codb.client.core.api.impl.StatApiImpl.menuToolbarStat(StatApiImpl.java:85)
org.coocox.codb.client.core.task.StatisticsHandler$StatHandler.run(StatisticsHandler.java:78)
java.util.concurrent.ThreadPoolExecutor$Worker.runTask(Unknown Source)
java.util.concurrent.ThreadPoolExecutor$Worker.run(Unknown Source)
java.lang.Thread.run(Unknown Source)


21:14:05.092 [pool-1-thread-1] ERROR org.coocox.codb.common.log.ErrorLog - menuToolbarStat api exception!errorCode:2000
PUT API FAILED! 
org.coocox.codb.client.core.api.ClientBaseApi.putRespCheck(ClientBaseApi.java:55)
org.coocox.codb.client.core.api.impl.StatApiImpl.menuToolbarStat(StatApiImpl.java:85)
org.coocox.codb.client.core.task.StatisticsHandler$StatHandler.run(StatisticsHandler.java:78)
java.util.concurrent.ThreadPoolExecutor$Worker.runTask(Unknown Source)
java.util.concurrent.ThreadPoolExecutor$Worker.run(Unknown Source)
java.lang.Thread.run(Unknown Source)


21:15:20.932 [pool-1-thread-2] ERROR org.coocox.codb.common.log.ErrorLog - menuToolbarStat api exception!errorCode:2000
PUT API FAILED! 
org.coocox.codb.client.core.api.ClientBaseApi.putRespCheck(ClientBaseApi.java:55)
org.coocox.codb.client.core.api.impl.StatApiImpl.menuToolbarStat(StatApiImpl.java:85)
org.coocox.codb.client.core.task.StatisticsHandler$StatHandler.run(StatisticsHandler.java:78)
java.util.concurrent.ThreadPoolExecutor$Worker.runTask(Unknown Source)
java.util.concurrent.ThreadPoolExecutor$Worker.run(Unknown Source)
java.lang.Thread.run(Unknown Source)


21:16:35.080 [pool-1-thread-1] ERROR org.coocox.codb.common.log.ErrorLog - menuToolbarStat api exception!errorCode:2000
PUT API FAILED! 
org.coocox.codb.client.core.api.ClientBaseApi.putRespCheck(ClientBaseApi.java:55)
org.coocox.codb.client.core.api.impl.StatApiImpl.menuToolbarStat(StatApiImpl.java:85)
org.coocox.codb.client.core.task.StatisticsHandler$StatHandler.run(StatisticsHandler.java:78)
java.util.concurrent.ThreadPoolExecutor$Worker.runTask(Unknown Source)
java.util.concurrent.ThreadPoolExecutor$Worker.run(Unknown Source)
java.lang.Thread.run(Unknown Source)


21:17:20.870 [pool-1-thread-2] ERROR org.coocox.codb.common.log.ErrorLog - menuToolbarStat api exception!errorCode:2000
PUT API FAILED! 
org.coocox.codb.client.core.api.ClientBaseApi.putRespCheck(ClientBaseApi.java:55)
org.coocox.codb.client.core.api.impl.StatApiImpl.menuToolbarStat(StatApiImpl.java:85)
org.coocox.codb.client.core.task.StatisticsHandler$StatHandler.run(StatisticsHandler.java:78)
java.util.concurrent.ThreadPoolExecutor$Worker.runTask(Unknown Source)
java.util.concurrent.ThreadPoolExecutor$Worker.run(Unknown Source)
java.lang.Thread.run(Unknown Source)


21:19:58.179 [pool-1-thread-1] ERROR org.coocox.codb.common.log.ErrorLog - menuToolbarStat api exception!errorCode:2000
PUT API FAILED! 
org.coocox.codb.client.core.api.ClientBaseApi.putRespCheck(ClientBaseApi.java:55)
org.coocox.codb.client.core.api.impl.StatApiImpl.menuToolbarStat(StatApiImpl.java:85)
org.coocox.codb.client.core.task.StatisticsHandler$StatHandler.run(StatisticsHandler.java:78)
java.util.concurrent.ThreadPoolExecutor$Worker.runTask(Unknown Source)
java.util.concurrent.ThreadPoolExecutor$Worker.run(Unknown Source)
java.lang.Thread.run(Unknown Source)


21:20:44.543 [pool-1-thread-2] ERROR org.coocox.codb.common.log.ErrorLog - menuToolbarStat api exception!errorCode:2000
PUT API FAILED! 
org.coocox.codb.client.core.api.ClientBaseApi.putRespCheck(ClientBaseApi.java:55)
org.coocox.codb.client.core.api.impl.StatApiImpl.menuToolbarStat(StatApiImpl.java:85)
org.coocox.codb.client.core.task.StatisticsHandler$StatHandler.run(StatisticsHandler.java:78)
java.util.concurrent.ThreadPoolExecutor$Worker.runTask(Unknown Source)
java.util.concurrent.ThreadPoolExecutor$Worker.run(Unknown Source)
java.lang.Thread.run(Unknown Source)


21:22:05.584 [pool-1-thread-1] ERROR org.coocox.codb.common.log.ErrorLog - menuToolbarStat api exception!errorCode:2000
PUT API FAILED! 
org.coocox.codb.client.core.api.ClientBaseApi.putRespCheck(ClientBaseApi.java:55)
org.coocox.codb.client.core.api.impl.StatApiImpl.menuToolbarStat(StatApiImpl.java:85)
org.coocox.codb.client.core.task.StatisticsHandler$StatHandler.run(StatisticsHandler.java:78)
java.util.concurrent.ThreadPoolExecutor$Worker.runTask(Unknown Source)
java.util.concurrent.ThreadPoolExecutor$Worker.run(Unknown Source)
java.lang.Thread.run(Unknown Source)


21:22:48.083 [pool-1-thread-2] ERROR org.coocox.codb.common.log.ErrorLog - menuToolbarStat api exception!errorCode:2000
PUT API FAILED! 
org.coocox.codb.client.core.api.ClientBaseApi.putRespCheck(ClientBaseApi.java:55)
org.coocox.codb.client.core.api.impl.StatApiImpl.menuToolbarStat(StatApiImpl.java:85)
org.coocox.codb.client.core.task.StatisticsHandler$StatHandler.run(StatisticsHandler.java:78)
java.util.concurrent.ThreadPoolExecutor$Worker.runTask(Unknown Source)
java.util.concurrent.ThreadPoolExecutor$Worker.run(Unknown Source)
java.lang.Thread.run(Unknown Source)


